<?xml version="1.0" encoding="UTF-8"?>
<testsuite xmlns:xsi="http://www.w3.org/2001/XMLSchema-instance" xsi:noNamespaceSchemaLocation="https://maven.apache.org/surefire/maven-surefire-plugin/xsd/surefire-test-report.xsd" name="csc581.assignment.AppTest" time="0.018" tests="1" errors="0" skipped="0" failures="0">
  <properties>
    <property name="java.specification.version" value="21"/>
    <property name="sun.cpu.isalist" value="amd64"/>
    <property name="sun.jnu.encoding" value="GBK"/>
    <property name="java.class.path" value="G:\study\CSC 581 Software Engineering\Assignment\Multiple Java Versions Building a CICD Pipeline\multiple_Java_version\target\test-classes;G:\study\CSC 581 Software Engineering\Assignment\Multiple Java Versions Building a CICD Pipeline\multiple_Java_version\target\classes;C:\Users\JOKER\.m2\repository\junit\junit\4.11\junit-4.11.jar;C:\Users\JOKER\.m2\repository\org\hamcrest\hamcrest-core\1.3\hamcrest-core-1.3.jar;"/>
    <property name="java.vm.vendor" value="Oracle Corporation"/>
    <property name="sun.arch.data.model" value="64"/>
    <property name="user.variant" value=""/>
    <property name="java.vendor.url" value="https://java.oracle.com/"/>
    <property name="user.timezone" value="America/Los_Angeles"/>
    <property name="user.country.format" value="US"/>
    <property name="os.name" value="Windows 11"/>
    <property name="java.vm.specification.version" value="21"/>
    <property name="sun.java.launcher" value="SUN_STANDARD"/>
    <property name="user.country" value="CN"/>
    <property name="sun.boot.library.path" value="C:\Program Files\Java\jdk-21\bin"/>
    <property name="sun.java.command" value="C:\Users\JOKER\AppData\Local\Temp\surefire6161574187557359434\surefirebooter3565018036236066994.jar C:\Users\JOKER\AppData\Local\Temp\surefire6161574187557359434 2024-05-01T20-27-13_200-jvmRun1 surefire4654023181054723622tmp surefire_08408456974130185019tmp"/>
    <property name="jdk.debug" value="release"/>
    <property name="surefire.test.class.path" value="G:\study\CSC 581 Software Engineering\Assignment\Multiple Java Versions Building a CICD Pipeline\multiple_Java_version\target\test-classes;G:\study\CSC 581 Software Engineering\Assignment\Multiple Java Versions Building a CICD Pipeline\multiple_Java_version\target\classes;C:\Users\JOKER\.m2\repository\junit\junit\4.11\junit-4.11.jar;C:\Users\JOKER\.m2\repository\org\hamcrest\hamcrest-core\1.3\hamcrest-core-1.3.jar;"/>
    <property name="sun.cpu.endian" value="little"/>
    <property name="user.home" value="C:\Users\JOKER"/>
    <property name="user.language" value="zh"/>
    <property name="java.specification.vendor" value="Oracle Corporation"/>
    <property name="java.version.date" value="2024-01-16"/>
    <property name="java.home" value="C:\Program Files\Java\jdk-21"/>
    <property name="file.separator" value="\"/>
    <property name="basedir" value="G:\study\CSC 581 Software Engineering\Assignment\Multiple Java Versions Building a CICD Pipeline\multiple_Java_version"/>
    <property name="java.vm.compressedOopsMode" value="Zero based"/>
    <property name="line.separator" value="&#10;"/>
    <property name="java.vm.specification.vendor" value="Oracle Corporation"/>
    <property name="java.specification.name" value="Java Platform API Specification"/>
    <property name="surefire.real.class.path" value="C:\Users\JOKER\AppData\Local\Temp\surefire6161574187557359434\surefirebooter3565018036236066994.jar"/>
    <property name="user.script" value=""/>
    <property name="sun.management.compiler" value="HotSpot 64-Bit Tiered Compilers"/>
    <property name="java.runtime.version" value="21.0.2+13-LTS-58"/>
    <property name="user.name" value="JOKER"/>
    <property name="stdout.encoding" value="GBK"/>
    <property name="path.separator" value=";"/>
    <property name="os.version" value="10.0"/>
    <property name="java.runtime.name" value="Java(TM) SE Runtime Environment"/>
    <property name="file.encoding" value="UTF-8"/>
    <property name="java.vm.name" value="Java HotSpot(TM) 64-Bit Server VM"/>
    <property name="localRepository" value="C:\Users\JOKER\.m2\repository"/>
    <property name="java.vendor.url.bug" value="https://bugreport.java.com/bugreport/"/>
    <property name="java.io.tmpdir" value="C:\Users\JOKER\AppData\Local\Temp\"/>
    <property name="java.version" value="21.0.2"/>
    <property name="user.dir" value="G:\study\CSC 581 Software Engineering\Assignment\Multiple Java Versions Building a CICD Pipeline\multiple_Java_version"/>
    <property name="os.arch" value="amd64"/>
    <property name="java.vm.specification.name" value="Java Virtual Machine Specification"/>
    <property name="user.language.format" value="en"/>
    <property name="sun.os.patch.level" value=""/>
    <property name="native.encoding" value="GBK"/>
    <property name="java.library.path" value="C:\Program Files\Java\jdk-21\bin;C:\WINDOWS\Sun\Java\bin;C:\WINDOWS\system32;C:\WINDOWS;C:\Program Files\Common Files\Oracle\Java\javapath;C:\WINDOWS\system32;C:\WINDOWS;C:\WINDOWS\System32\Wbem;C:\WINDOWS\System32\WindowsPowerShell\v1.0\;C:\WINDOWS\System32\OpenSSH\;C:\Program Files\Git\cmd;C:\Program Files\Git\bin;C:\Program Files\mingw64\bin;C:\Program Files (x86)\NVIDIA Corporation\PhysX\Common;C:\Users\JOKER\AppData\Roaming\Programs\Python\Python311;C:\Users\JOKER\AppData\Roaming\Programs\Python\Python311\Scripts;C:\Program Files\apache-maven-3.9.6\bin;D:\Program Files\php-8.3.2-Win32-vs16-x64;C:\Program Files\nodejs\;C:\Program Files\Pixar\RenderManProServer-25.2\bin;C:\Program Files (x86)\Aqsis\bin;C:\Program Files\apache-maven-4.0.0\bin;C:\Users\JOKER\AppData\Local\Programs\Python\Python311\Scripts\;C:\Users\JOKER\AppData\Local\Programs\Python\Python311\;C:\Users\JOKER\AppData\Local\Microsoft\WindowsApps;C:\Users\JOKER\AppData\Local\Programs\Microsoft VS Code Insiders\bin;C:\Program Files\apache-maven-3.9.6\bin;C:\Program Files\apache-maven-4.0.0\bin;C:\Users\JOKER\AppData\Roaming\npm;C:\Program Files\Pixar\RenderManProServer-25.2\bin;C:\Program Files (x86)\Aqsis\bin;;."/>
    <property name="java.vm.info" value="mixed mode, sharing"/>
    <property name="stderr.encoding" value="GBK"/>
    <property name="java.vendor" value="Oracle Corporation"/>
    <property name="java.vm.version" value="21.0.2+13-LTS-58"/>
    <property name="sun.io.unicode.encoding" value="UnicodeLittle"/>
    <property name="java.class.version" value="65.0"/>
  </properties>
  <testcase name="shouldAnswerWithTrue" classname="csc581.assignment.AppTest" time="0.001"/>
</testsuite>